  211.3    74.7
   19.6    63.1
  131.3    69.6
  304.0    52.5
   83.7    83.0
   47.9    81.4
   92.6    81.3
   32.0    69.7
   52.6    84.7
  286.4    86.3
    3.4    65.6
   24.1    58.4
  255.8    71.5
  180.8    80.6
    2.4    81.8
  251.0    78.0
  326.8    64.1
   62.5    84.2
  221.3    73.1
  301.3    81.4
   97.7    86.5
  258.2    83.0
  326.6    73.8
  106.2    72.4
  291.9    56.6
   33.0    72.0
  185.0    82.6
  345.2    70.2
  152.7    75.6
  271.7    84.7
  214.3    67.2
   87.7    63.4
  287.7    64.6
  319.2    75.8
  201.9    85.5
  339.9    78.9
  282.0    63.5
  343.2    78.7
  163.9    53.6
  257.5    70.8
   86.0    78.3
  275.1    67.5
   27.8    79.1
  290.8    74.8
  165.4    71.9
  141.9    78.9
    3.0    71.9
  200.3    74.8
   75.3    85.1
  268.4    65.1
  320.9    86.9
  233.8    81.8
  250.5    74.7
  263.7    80.2
  116.2    75.8
  154.5    68.1
    9.7    82.8
   83.7    84.2
   28.5    84.8
  205.2    77.8
  205.5    78.8
  169.1    68.4
  161.3    58.1
  124.8    77.1
    8.6    69.1
   11.7    84.4
  154.7    57.8
  107.5    73.2
  331.5    87.8
  203.0    72.3
  323.4    69.0
  239.2    69.6
  250.2    78.5
   36.0    75.0
  335.5    79.9
  107.6    72.5
   69.4    77.3
  129.8    74.2
   99.0    69.2
  353.3    64.2
  210.5    75.4
  230.3    80.7
  156.0    74.1
  191.4    72.5
   82.0    81.3
  319.5    62.2
  198.0    71.2
  204.9    82.2
  305.4    81.3
  288.2    59.4
  138.7    72.3
  195.5    60.0
  113.3    81.5
  147.2    79.4
  138.9    70.1
  150.4    68.2
  184.8    80.3
  154.0    82.3
  266.6    83.1
  288.6    67.8
