    8.5    28.7 
  336.7    65.9 
  342.4    27.1 
   53.9    52.1 
  349.8    42.4 
  349.8    47.4 
  347.7    41.0 
  338.8    57.7 
  353.3    45.1 
    4.2    43.1 
  355.1    66.4 
  324.3    67.5 
   21.6    35.5 
  359.6    32.7 
  358.6    50.3 
   13.7    37.4 
   28.5    61.2 
  352.0    44.5 
   12.1    28.8 
    9.9    46.2 
  354.7    41.5 
    8.3    40.4 
   14.5    54.9 
  338.6    35.0 
   46.1    45.8 
  341.5    55.9 
    0.2    34.7 
    9.1    61.0 
  352.0    29.0 
    6.5    42.1 
   13.2    22.5 
  325.0    37.5 
   34.4    44.9 
   14.2    52.1 
    1.5    37.9 
    5.3    52.4 
   35.3    42.3 
    4.5    52.9 
  350.2     6.6 
   22.6    35.7 
  343.6    41.7 
   29.3    40.4 
  351.0    51.4 
   19.8    45.9 
  354.6    24.4 
  351.3    33.0 
  357.0    60.1 
    5.4    27.7 
  352.8    43.1 
   31.2    37.1 
    2.0    44.5 
    7.7    37.0 
   17.2    35.7 
   12.2    40.4 
  343.9    34.6 
  349.6    21.8 
  357.3    49.2 
  351.5    42.4 
  355.6    46.6 
    5.5    30.9 
    5.1    31.9 
  355.3    20.8 
  349.7    11.3 
  346.7    33.9 
  352.1    62.6 
  357.5    47.6 
  346.2    12.0 
  339.7    35.1 
    0.7    44.0 
    7.1    25.6 
   22.2    57.3 
   19.7    29.9 
   13.0    37.5 
  344.3    53.3 
    5.8    51.2 
  339.0    34.7 
  342.3    45.2 
  345.3    30.9 
  333.8    35.6 
    6.2    67.6 
    7.9    29.3 
    8.2    35.9 
  352.3    27.3 
    3.3    24.9 
  347.5    42.6 
   34.9    59.2 
    5.8    24.1 
    3.4    35.0 
    9.6    46.8 
   41.7    44.4 
  346.4    27.9 
    7.5    13.0 
  349.4    38.2 
  352.6    32.9 
  345.1    26.0 
  348.1    22.4 
    0.4    32.4 
  355.3    35.1 
    8.5    41.4 
   29.9    45.5 
