  253.3   -25.9
  172.0   -20.7
   10.0   -64.3
  288.6    76.7
   83.4    28.8
  208.5    -3.3
  321.9   -71.6
   37.2   -41.4
  222.9    30.9
  303.6   -21.9
  170.8    70.9
   61.2    52.7
  292.3   -17.9
  255.2   -35.6
  346.1   -24.5
  144.6   -45.2
   17.1   -47.5
  257.9    19.0
  134.5    31.8
  309.3    57.0
  183.6    46.8
   71.5    52.4
  296.2    -9.1
  203.6   -42.1
   49.9    21.9
  209.7    19.2
  307.1   -57.1
  334.4   -41.4
   85.3    45.0
  226.0   -33.8
   25.7   -46.5
  227.7   -43.9
   32.0     8.1
  310.3    72.9
  163.6   -47.1
  114.9    33.5
  346.5    71.9
   86.2    16.2
   21.8   -13.9
  287.5   -33.3
  131.8    27.5
  224.4    37.9
  248.9   -31.2
  344.3    77.1
  173.2    -8.7
  282.3    56.8
  189.3    29.1
  223.7    58.6
   54.3   -16.3
   96.3   -37.9
