5.527184
7.531595
7.524509
8.546373
3.658459
7.959264
10.269457
11.914319
9.680765
7.400496
10.567067
10.259070
10.941772
2.613225
9.750292
10.549565
8.024094
13.629123
4.920821
8.058827
15.337072
10.185814
13.621940
8.509181
12.227144
7.851622
7.253396
7.915897
8.270160
10.452751
5.424909
9.792174
18.012958
11.473510
11.292199
11.314750
10.537465
4.181340
11.764713
6.069265
13.722533
12.614225
5.926380
16.313004
4.378862
9.052795
8.047738
12.006247
11.271797
12.298867
4.247476
11.690553
16.013896
9.977186
15.302029
3.816709
9.340854
11.451649
12.437676
7.184366
12.559480
10.948224
6.881819
12.504427
15.677848
5.646537
10.221843
9.669948
12.436264
2.965680
6.307074
8.466627
9.971692
7.138877
9.969080
8.835073
13.208535
9.575293
10.693219
11.396070
11.732733
13.139638
13.658707
8.094510
13.792761
8.315133
10.807724
8.604702
6.475263
9.043765
12.298352
8.555065
8.045493
10.277372
7.856345
4.962486
8.766527
11.799063
11.628580
8.273114
11.697653
7.498146
11.860702
14.555828
7.417469
10.656389
12.660616
13.380112
11.781811
16.397138
9.480010
14.061708
2.414005
10.200699
9.050187
0.648251
10.621032
11.848996
10.079381
11.490152
10.980509
10.987486
10.077569
8.837282
10.500389
11.103652
7.298552
8.744598
15.985927
5.639198
9.979123
6.587884
11.040708
9.314287
5.023190
7.643456
8.754434
6.890401
12.621855
8.072056
13.896427
11.294170
0.965222
8.759840
13.026938
9.885772
9.207063
10.216309
12.930630
13.095158
14.002144
8.845168
9.593442
7.552488
5.825182
7.348770
13.640984
14.335483
5.605795
11.322588
8.716096
12.244392
7.211560
8.187914
12.937840
5.499098
7.879543
15.830590
13.910295
10.615147
17.359279
13.584391
10.481410
18.473712
6.821198
10.049071
7.235104
12.896622
14.855508
11.801298
6.533488
5.724615
2.539485
11.243980
11.142832
4.651414
6.996160
12.146964
8.448315
8.386457
10.122073
9.583422
8.269747
6.034860
9.618265
10.963509
12.453727
5.887302
11.368222
8.533920
7.531993
7.634870
10.075555
7.116431
7.323403
8.552967
9.324668
8.905398
8.106561
9.524495
5.779745
13.332001
10.573258
11.940325
14.682750
9.032568
8.912662
8.039713
12.247710
9.213009
8.093733
5.521416
5.196968
10.104079
10.122527
10.620612
9.646132
13.735549
10.731773
5.015677
13.786166
12.930323
9.783137
9.383971
10.384050
8.904851
10.724304
12.781803
7.814324
7.423824
15.637466
8.771242
9.683815
14.927235
11.436204
2.229757
9.573481
17.869396
12.060239
8.692631
12.960912
13.953621
14.236444
8.972086
16.044933
8.236620
12.293750
10.891204
7.282428
7.500094
6.930093
10.777694
7.421580
8.629260
12.413369
12.179552
9.989041
11.102024
7.780534
11.431783
13.645590
6.803165
14.531552
13.378340
8.522419
10.588862
9.227196
11.444734
8.348346
12.159422
8.935628
14.141431
9.731659
15.236509
13.542657
10.755467
11.927439
4.780063
12.359199
5.634479
6.340131
8.757823
10.100463
9.530452
3.281529
8.588427
11.536635
10.476340
9.896208
7.117601
11.296374
13.197052
6.085459
4.865300
10.415373
6.460786
14.489895
12.654792
11.417043
2.927121
6.034300
14.397016
4.985673
10.898775
13.889305
10.005350
9.847904
2.845198
9.252094
9.389980
11.852707
6.456957
9.503382
5.998071
14.650668
10.102613
11.630506
9.789163
11.587514
8.499698
8.215612
10.193396
8.877840
15.829221
12.402852
7.831902
11.980919
8.291650
8.713009
5.970499
12.202039
6.780527
11.428577
7.976507
7.616673
10.051031
11.585165
4.342445
7.952342
8.076973
7.419125
6.750880
10.137593
12.724911
12.526985
9.431067
9.050391
17.004038
11.435498
12.526708
17.553923
8.576460
10.535777
11.588988
7.396401
11.795659
6.882684
11.503682
6.277312
14.332340
8.350276
13.189659
10.631840
6.457801
12.147313
14.782037
12.558622
7.497203
7.523017
14.036134
7.036444
6.392546
11.707281
8.866916
4.155979
12.351791
5.537614
12.003198
8.238762
12.670202
6.564754
8.964092
5.460044
13.061715
10.713625
8.790727
13.756985
5.789340
8.809267
7.448492
13.171860
8.908945
12.621842
10.912903
12.456145
6.741491
7.952719
4.377910
9.359726
9.989291
13.155395
12.678914
2.565077
11.557826
4.762237
10.483183
7.152651
9.892333
7.425240
15.104038
10.439656
6.952529
8.304722
5.172703
8.269810
11.867394
11.119960
7.835701
12.407646
12.141651
6.493017
5.491299
16.099105
14.262058
5.252535
5.919525
12.256055
13.107119
1.995927
10.717708
11.711174
6.827639
9.403022
13.073336
6.471767
7.032970
8.365445
3.127810
12.031417
11.277121
8.753435
6.562322
10.823074
16.714391
11.925572
4.977213
5.549181
8.862796
13.674258
7.346524
15.717047
12.445324
7.469491
11.329879
14.422835
6.998189
12.395664
10.855863
9.973132
7.199378
7.827716
12.239264
16.220742
9.981239
7.877258
12.257894
12.608038
7.042306
16.826044
10.114469
7.205744
8.776680
8.615014
13.308037
9.857924
9.168153
9.365774
6.804809
9.773554
5.284431
7.029137
5.576252
8.811707
7.237654
9.182449
8.803449
10.969224
11.718100
6.582847
7.534428
5.981259
7.908781
6.187255
14.558988
11.508248
7.838242
13.081943
9.923009
12.000151
7.689689
10.089977
8.117773
11.180766
15.738346
6.466353
9.014367
9.702393
6.955256
9.041607
8.473392
11.187141
6.118598
8.865718
9.112549
7.402925
8.384162
7.841790
12.420475
12.347248
10.332948
7.075531
12.582371
13.196693
11.214414
10.523380
6.977175
7.794499
9.095993
8.836506
7.697347
5.857060
12.109676
9.451731
13.385176
2.889481
13.978375
12.866279
15.906683
6.847269
7.545546
8.840152
13.777353
6.457319
8.146272
12.201125
5.922232
9.939605
10.020579
17.475283
14.843712
6.784067
11.348630
12.819484
8.746383
13.121258
12.840970
11.573916
8.819264
10.530965
6.730424
6.348606
6.764233
12.589591
9.906696
11.414810
10.522140
13.396998
8.190406
11.012539
9.422558
10.264582
12.810738
6.898572
10.475749
9.838729
9.270096
10.081517
3.994615
8.771262
14.004118
5.861569
7.606079
11.363265
9.118822
11.440798
8.439234
12.596745
11.779617
10.626863
11.417690
7.030887
14.612156
8.995975
13.138757
7.763888
14.647206
11.010499
13.396283
11.209491
9.469644
8.123211
14.254324
6.892743
13.056353
14.296520
11.105772
6.262611
9.340268
13.974493
12.772260
14.590732
9.767911
12.974758
9.830754
10.391847
8.814075
10.038534
11.371762
10.973604
11.977545
10.071391
15.922336
9.861333
15.214488
7.545860
8.732306
10.400576
5.244779
3.014313
7.081778
13.072062
5.756754
7.143211
8.441336
11.540538
9.224554
7.063926
11.997905
8.555080
10.484554
9.164598
7.042760
14.581220
4.628152
10.502359
8.062247
8.861707
12.839578
9.320111
7.857193
10.349105
9.372086
8.949541
14.658051
8.058618
10.744805
10.259083
9.958749
8.236426
5.992621
6.678018
9.397760
4.819624
14.140103
11.365413
6.925880
8.811929
6.559385
12.967463
10.621149
14.659782
11.054880
13.276329
12.065261
13.997285
4.489798
7.121011
5.352870
13.081534
10.986070
9.413786
8.879334
15.801112
13.877982
12.215741
10.763303
15.572460
10.311087
7.955414
13.911375
8.175402
14.224920
12.807296
13.292899
9.390897
8.691586
10.585300
9.193421
9.487646
8.772354
4.480817
8.157438
7.511309
8.497380
6.614058
16.689496
8.640024
6.976014
11.440059
13.906664
12.386952
11.075620
12.366395
8.641515
7.445131
7.663697
10.659282
8.255034
10.674272
10.301141
7.117520
12.081948
8.393661
8.399228
6.909449
4.406580
8.913094
10.961421
13.614452
7.976158
10.320145
12.108149
10.059494
13.401782
10.745789
11.494701
11.245334
9.917102
2.703219
8.603514
8.923417
10.523259
11.121217
11.512580
7.248496
9.861010
9.733986
7.839412
9.480910
10.634099
7.821568
13.110577
9.472150
10.133939
7.597138
7.290033
15.851807
10.787254
9.270897
14.035588
6.430477
14.267292
15.489494
7.755248
8.712808
7.604748
10.459899
7.169879
10.098585
10.822365
6.203370
7.444716
5.588484
9.241112
12.575311
2.234668
14.668146
10.583503
12.251181
13.983687
11.903949
11.143941
9.768752
11.157654
5.224390
10.769769
9.118252
9.933102
11.028550
13.965942
7.490636
16.576455
7.405557
13.718361
13.771092
8.023391
13.156431
16.334036
7.512722
7.089336
8.476341
9.095258
8.352835
11.949580
9.702202
7.045163
12.757840
9.765344
9.674116
6.580514
9.547552
12.935676
12.184898
6.911738
5.452191
12.515163
12.224025
13.748382
13.567140
13.591744
11.736665
11.435529
4.094391
12.924517
8.709927
12.254769
10.879581
9.894477
10.398706
12.115092
12.365722
9.393662
8.160230
13.941250
9.625045
8.238431
8.950409
12.785479
11.856258
8.012498
5.092244
11.102680
6.643749
11.100069
10.432147
13.581581
10.218487
9.999138
8.451521
10.097182
8.601132
11.392549
13.825093
9.195670
12.132845
12.352682
7.382712
7.192865
7.683189
12.268996
13.187771
11.051293
12.272334
7.506555
6.256810
13.499695
9.616623
10.801570
10.518538
12.686413
6.686363
13.310282
6.171105
8.049352
11.700038
12.093125
10.970125
8.789046
5.357924
8.529397
13.518987
5.386913
9.376779
11.906401
12.608663
3.838708
16.953907
11.645495
10.151875
13.712550
7.723324
11.832711
4.352692
3.194445
13.013373
10.834413
11.261213
6.690837
12.724441
13.777230
6.703908
13.415156
13.792814
11.851653
12.464727
14.820970
7.814906
10.772699
6.812615
15.443234
5.372690
10.332958
9.799631
8.335486
9.014617
6.321409
8.619224
6.333590
8.015185
9.703466
9.978721
8.146221
11.925316
17.061249
9.790087
13.785899
12.390501
10.102014
9.616964
11.918581
7.848505
10.033908
12.983026
13.273957
6.345390
8.410481
12.655514
7.364098
15.636918
8.687113
8.276185
10.875817
11.110882
11.030065
8.834229
13.949824
11.201625
11.117856
8.503850
10.652255
10.350748
11.395008
11.396931
9.173796
4.285061
6.419319
10.971756
9.336746
9.865180
5.460836
14.604618
7.589945
8.283560
10.498925
9.096336
15.504391
13.503395
5.358892
10.522607
9.668519
12.692404
6.980522
10.553627
10.096465
9.964786
5.430014
5.795748
14.764272
12.980815
9.993044
9.884213
13.530819
9.642127
11.937040
6.249832
4.252656
14.694532
5.232634
5.093161
10.219617
