  354.6    40.0 20741.45 
  345.3    34.2 24937.59 
   15.9    51.0 44771.91 
  331.3    47.4 16844.92 
  355.9    56.2 41906.33 
   25.2    31.7  6184.69 
   11.6    58.9 27855.21 
  357.1    36.5 32578.36 
  356.2    31.6 17941.15 
    0.2    36.9 21674.17 
    6.9    39.9 15393.71 
  357.7    56.1 30352.80 
   15.0    38.0 18608.97 
  349.4    56.8 24061.82 
   14.7    48.7 10497.08 
   12.5    47.7 39596.01 
  359.7    61.2 25573.77 
   15.3    53.0 22933.34 
   22.5    51.7 28620.18 
   14.8    44.3 28497.34 
  353.5    56.7 34299.71 
   20.4    64.9 25310.63 
    7.4    45.6 30948.64 
  353.5    53.9 34752.15 
    0.9    49.6 20725.00 
    7.7    48.8 25552.13 
  349.1    52.5 36743.46 
   21.2    41.8 19283.63 
   28.3    68.1 11415.69 
    5.0    52.4 59808.64 
    3.3    47.8 50133.85 
    1.3    39.4 13850.56 
   86.0    50.3  4748.81 
  351.2    56.7 40071.48 
   11.1    61.2 33847.20 
  336.6    23.1 11968.83 
    6.1    59.5 33619.20 
  346.5    35.7 17225.77 
  356.3    59.8 32581.71 
   21.7    22.7 22018.86 
  351.3    55.8 50886.07 
  341.8    48.4 29043.61 
  353.6    47.0 18508.16 
  347.3    49.0 43335.84 
    1.5    46.2 17051.92 
  355.4    48.6 28200.59 
  357.9    51.8 42679.50 
  349.7    56.8 18339.97 
  358.6    40.3 12171.74 
    5.0    61.6 28742.93 
  338.4    47.6 24809.07 
  343.8    58.8 15011.09 
    3.1    40.7 20513.23 
    5.2    62.1 49504.71 
  356.3    46.5 23768.86 
  339.1    64.1 34324.50 
    1.1    58.9 23424.24 
  358.6    50.5 27209.32 
  350.4    51.6 20168.67 
  340.6    56.0 28295.81 
    0.5    36.8 19475.93 
   47.9   -64.7  3052.47 
   19.7    79.5 17664.36 
  316.4    54.6 16130.48 
   19.9    31.8 18175.44 
   12.0    59.4 22417.04 
    6.3    50.1 27060.76 
  280.8    72.3  9881.04 
  354.3    44.7 36740.35 
  359.9    50.0 37127.32 
    2.9    33.4 16683.35 
   18.0    48.2 17400.31 
   22.9    46.4 16105.27 
  350.6    54.0 29137.05 
    0.6    58.0 42997.25 
  353.2    43.9 33698.51 
    0.8    54.2 31134.41 
    4.2    28.0 20384.92 
   12.2    43.9 22580.84 
    4.9    48.9 31218.93 
    3.0    44.6 39126.49 
    8.0    43.3 36583.50 
  350.1    49.1 19028.24 
  359.2    45.1 39127.91 
  350.6    46.3 14022.16 
  347.4    63.3 11258.86 
    8.3    67.4 27805.24 
  359.8    62.0 51878.43 
    5.9    45.0 19033.34 
   12.4    57.9 30429.20 
  349.8    37.9 24172.87 
  346.7    57.4 29310.73 
    6.6    40.7 17581.84 
  356.0    48.8 31749.66 
  351.5    54.9 33498.35 
  353.9    44.4 29631.09 
  341.9    33.6 19789.30 
    1.7    49.6 37429.49 
  346.3    36.5 25432.25 
  354.1   -23.5  7641.79 
