   61.6    85.1
  353.6    65.7
   83.1    77.4
  130.9    86.2
  326.2    81.8
  126.2    71.3
  311.8    82.0
  232.0    78.8
  284.8    71.1
  285.8    80.5
  133.9    78.1
   22.8    76.3
  335.2    78.5
  156.9    74.2
   42.0    54.5
   65.9    74.1
  217.3    65.0
  353.5    79.1
   76.5    85.8
   11.6    66.4
   61.3    82.1
  275.4    72.2
  147.7    83.1
  182.3    74.5
  313.9    74.2
  199.1    69.0
  327.6    54.9
  251.9    86.6
   37.8    70.8
  257.1    75.3
  178.8    80.6
  155.0    69.8
  152.6    69.9
  260.6    76.1
  177.0    88.1
  274.7    50.8
  103.9    76.4
  111.1    77.5
   71.4    71.1
   89.5    75.3
  330.1    82.8
  118.3    75.5
  251.6    62.4
   91.7    74.4
  139.4    63.1
  190.6    68.1
  285.9    69.7
  216.0    60.2
  169.0    81.6
  350.4    69.8
   56.5    62.2
  119.1    71.7
  102.3    74.1
  297.9    82.6
  278.6    66.4
  129.2    79.0
   20.8    73.5
  108.2    73.9
  278.9    68.0
   49.0    73.9
   66.6    62.5
  342.4    75.7
  242.3    50.2
  244.1    80.8
  295.2    72.3
  136.2    71.6
   56.5    75.7
    3.0    68.4
   92.3    70.1
  326.8    67.9
   38.2    78.1
  204.5    78.6
    9.2    76.3
  303.6    73.2
  186.3    79.5
  100.3    83.7
   39.6    64.9
  321.0    70.4
  227.7    76.8
  215.0    82.6
  358.7    60.0
   44.2    71.9
  321.7    76.5
   35.9    81.5
  281.9    72.8
  321.5    80.3
  137.7    85.2
   78.8    63.8
  238.9    53.0
  112.1    67.8
  253.9    58.6
  313.5    73.8
  348.6    81.4
  158.5    63.6
  118.0    80.3
  241.7    56.6
  142.9    68.4
  137.8    83.6
  327.9    60.0
  160.1    72.4
