0 info it worked if it ends with ok
1 verbose cli [ '/usr/local/bin/node', '/usr/local/bin/npm', 'run', 'eslint' ]
2 info using npm@3.8.6
3 info using node@v6.0.0
4 verbose run-script [ 'preeslint', 'eslint', 'posteslint' ]
5 info lifecycle @~preeslint: @
6 silly lifecycle @~preeslint: no script for preeslint, continuing
7 info lifecycle @~eslint: @
8 verbose lifecycle @~eslint: unsafe-perm in lifecycle true
9 verbose lifecycle @~eslint: PATH: /usr/local/lib/node_modules/npm/bin/node-gyp-bin:/home/jieter/workspace/zostera/teramap/node_modules/.bin:/usr/local/bin:/home/jieter/.virtualenvs/teramap/bin:/usr/local/sbin:/usr/local/bin:/usr/sbin:/usr/bin:/sbin:/bin:/usr/games:/usr/local/games:/snap/bin:/usr/brlcad/bin:/usr/lib/jvm/java-8-oracle/bin:/usr/lib/jvm/java-8-oracle/db/bin:/usr/lib/jvm/java-8-oracle/jre/bin:/home/jieter/esp/xtensa-esp32-elf/bin
10 verbose lifecycle @~eslint: CWD: /home/jieter/workspace/zostera/teramap
11 silly lifecycle @~eslint: Args: [ '-c', 'eslint teramap/static/' ]
12 silly lifecycle @~eslint: Returned: code: 1  signal: null
13 info lifecycle @~eslint: Failed to exec eslint script
14 verbose stack Error: @ eslint: `eslint teramap/static/`
14 verbose stack Exit status 1
14 verbose stack     at EventEmitter.<anonymous> (/usr/local/lib/node_modules/npm/lib/utils/lifecycle.js:239:16)
14 verbose stack     at emitTwo (events.js:106:13)
14 verbose stack     at EventEmitter.emit (events.js:191:7)
14 verbose stack     at ChildProcess.<anonymous> (/usr/local/lib/node_modules/npm/lib/utils/spawn.js:24:14)
14 verbose stack     at emitTwo (events.js:106:13)
14 verbose stack     at ChildProcess.emit (events.js:191:7)
14 verbose stack     at maybeClose (internal/child_process.js:850:16)
14 verbose stack     at Process.ChildProcess._handle.onexit (internal/child_process.js:215:5)
15 verbose pkgid @
16 verbose cwd /home/jieter/workspace/zostera/teramap/teramap/static/fieldwork
17 error Linux 4.4.0-87-generic
18 error argv "/usr/local/bin/node" "/usr/local/bin/npm" "run" "eslint"
19 error node v6.0.0
20 error npm  v3.8.6
21 error code ELIFECYCLE
22 error @ eslint: `eslint teramap/static/`
22 error Exit status 1
23 error Failed at the @ eslint script 'eslint teramap/static/'.
23 error Make sure you have the latest version of node.js and npm installed.
23 error If you do, this is most likely a problem with the  package,
23 error not with npm itself.
23 error Tell the author that this fails on your system:
23 error     eslint teramap/static/
23 error You can get information on how to open an issue for this project with:
23 error     npm bugs
23 error Or if that isn't available, you can get their info via:
23 error     npm owner ls
23 error There is likely additional logging output above.
24 verbose exit [ 1, true ]
