4.065771
8.010327
7.589536
11.486429
12.768067
7.740082
7.619184
8.227538
10.613559
9.128223
8.891194
9.776654
11.813264
11.057169
6.783333
2.413680
8.932578
5.536392
9.160310
10.119864
11.667930
6.861669
6.381881
9.543664
7.802693
7.611015
11.844035
15.908922
10.189999
2.838513
4.347963
10.438134
9.037778
10.342763
6.299102
11.289933
3.017220
3.598381
13.122385
10.737367
8.085881
5.606405
15.738988
9.918718
12.185879
11.088603
10.492658
11.210045
10.925891
12.387709
12.472934
11.211296
4.940482
10.648720
9.318924
16.754602
12.527276
7.210183
7.369095
15.438884
12.459329
12.892569
13.430998
8.018464
13.586073
13.461487
10.629954
2.356859
6.521516
10.985038
3.003546
9.693507
14.446684
6.854945
14.312418
0.167635
4.658594
10.094602
8.273596
7.919909
7.725636
14.298622
12.687139
7.621175
1.479141
12.450475
5.597981
9.929069
6.045045
9.545680
5.799644
8.479527
10.280836
6.628431
10.230177
6.957337
7.839286
14.317060
11.311065
5.663458
15.113349
9.005036
9.890600
12.022090
3.776047
16.481054
13.435554
10.206561
9.574361
11.523932
10.455459
6.919969
13.467914
9.783608
13.914936
12.147360
9.561765
9.704186
7.980496
8.840067
6.970912
8.954798
10.878161
9.743891
5.047102
8.382778
12.606766
8.857548
13.013971
11.033783
12.826337
10.341543
13.777772
9.582200
11.917836
14.888396
12.081200
10.296969
9.978731
13.789979
12.724341
6.957251
11.057798
7.448880
12.938570
7.283942
16.108351
8.138998
10.647644
9.837495
9.064459
15.108908
5.032041
11.655849
11.893898
11.521921
15.515599
13.847675
7.277308
8.810754
8.087999
18.021412
11.078612
14.389408
10.532134
8.027171
8.498394
9.980567
11.638616
8.941193
10.171961
6.990355
12.518810
9.897906
16.873088
11.976929
13.825904
3.984329
9.033814
10.264749
8.547833
12.348568
9.376346
13.493112
8.341117
12.744347
9.766389
10.192324
12.301847
10.017598
9.510823
8.734319
11.521667
12.912786
12.733472
15.783195
13.394859
12.299214
12.300848
10.855646
11.089924
8.222128
12.226076
12.457704
10.679710
5.992936
8.163774
7.845243
12.730285
12.855488
8.469456
11.286932
13.641764
7.293702
11.152674
5.848822
9.817391
9.376906
12.692077
8.203205
12.716528
13.357861
8.899893
7.166511
15.573844
14.231200
14.308942
3.968144
16.080334
8.553440
13.614262
7.852390
9.616620
11.807161
8.562882
10.616398
7.599704
9.774755
6.463730
9.217951
7.390747
5.269657
4.035107
5.561603
6.107870
9.802518
12.918947
9.250037
2.610504
12.159960
6.721318
11.304543
10.119446
11.741509
10.596738
6.091447
16.079882
6.639369
13.526086
8.230765
6.727349
12.743933
13.694892
8.101347
9.744763
6.528009
13.724074
12.315439
11.861950
11.765710
14.751464
10.267530
8.918159
7.685591
12.468274
9.630658
5.775552
12.827856
9.075912
13.988261
11.066074
7.936120
11.822486
13.038219
8.267873
9.974590
9.025710
14.380582
7.829061
8.934385
8.266720
10.092461
9.564013
15.120165
10.482783
10.690467
9.866525
12.886524
10.917606
6.659960
4.816051
4.107890
12.314619
9.790276
10.843116
11.420470
6.309854
7.083930
12.084130
6.354767
6.666990
7.332863
11.169730
11.283976
10.637950
12.105636
8.176502
9.140416
10.983801
11.449227
12.398036
11.205113
11.564403
11.988607
9.262282
11.500470
8.609635
12.494239
13.431809
5.383851
11.278860
10.920342
11.461327
4.884214
11.990879
9.135161
11.819220
9.129450
8.114683
8.065220
7.114473
6.661541
12.218831
6.432382
5.932564
8.095468
10.258483
9.166324
7.870598
-1.548654
16.364575
14.589677
10.651471
11.187359
2.572342
12.845036
9.805300
9.428823
8.324124
9.663506
12.422412
13.618714
9.802968
2.541860
4.035023
13.165854
10.532951
8.021400
7.695841
6.386001
11.310698
4.789560
13.525710
5.581966
10.515201
8.315837
11.059740
9.442824
10.268714
7.821106
10.941226
11.881642
8.220270
7.315082
13.864833
12.026883
6.794523
6.757307
12.086201
8.812447
6.672760
18.108739
6.187527
9.903577
5.070342
11.293444
14.711689
9.286594
10.376972
9.635828
7.546680
9.196608
7.843832
6.757200
12.998353
12.000350
17.295111
12.020816
11.753466
13.860657
7.721172
9.307323
16.273288
12.319721
4.329589
12.640962
9.960812
10.183684
10.279309
13.432012
13.757156
5.916300
6.417972
6.400875
11.225374
9.013961
10.246698
11.812273
9.000940
14.429219
6.573506
10.631344
8.486033
10.280408
12.010849
9.331950
6.988310
11.789108
14.290893
11.991783
10.099981
9.239976
5.615509
13.878670
12.296820
14.059126
9.399691
8.774853
4.877659
9.627544
9.632432
11.116654
14.863278
11.237235
15.186551
9.758296
11.229465
9.087650
14.869457
12.834265
7.922136
14.065590
11.642474
6.766647
12.484097
6.666546
11.447632
8.768622
10.505905
7.562402
5.854264
7.197775
6.135408
11.297504
9.374046
5.033029
9.552163
8.983071
14.207792
12.197626
13.165668
13.250203
10.207704
12.556429
13.891996
7.350912
13.519777
12.418342
14.100765
16.237239
13.719731
7.036084
8.388880
18.621529
11.376650
11.250216
12.674020
10.078768
7.988494
13.326935
13.510347
14.501479
10.115969
5.224642
13.458025
9.769043
11.895938
11.775877
8.284997
10.465113
9.039685
8.630507
11.115493
10.815974
10.561586
11.897366
10.673464
11.084426
16.223013
11.874056
10.810713
12.559066
10.071796
13.957907
13.077699
11.628300
8.082757
12.236026
10.400645
13.818205
8.902345
9.223630
8.676870
7.985394
8.674645
17.613545
15.043795
6.023346
6.153458
10.167561
10.807384
11.681781
9.990691
9.355200
6.610680
13.085881
-0.331759
13.404209
9.916763
10.666813
10.562221
6.519255
7.267084
8.028284
10.679671
6.615458
7.737066
9.363181
8.688082
7.181362
10.503051
13.296810
8.225281
11.596342
15.142987
11.398941
7.118469
9.463890
10.217823
2.660170
10.309817
10.888775
5.767905
7.904042
8.988435
11.259750
10.278100
11.291358
10.366928
12.968063
7.232680
11.856288
6.000017
11.693901
8.457154
9.031537
6.217785
10.563441
11.657732
4.662553
10.549273
8.810658
12.464991
7.371451
12.798773
6.723876
5.592733
4.322840
7.692609
10.054139
8.608053
7.201884
12.722538
10.291501
7.632727
13.598148
13.258428
5.891817
8.278828
14.651240
7.987442
9.376485
11.303619
6.818528
10.585060
10.875212
11.966059
4.261022
7.096625
15.464134
4.666877
13.608020
10.390820
6.098993
11.630550
11.560066
5.482721
12.439154
2.960100
8.795874
9.410812
7.192014
9.606151
12.142067
9.537177
12.070857
9.764154
12.787028
9.272274
14.373341
10.755741
6.293681
11.722414
4.732609
13.948812
10.733616
8.851264
8.446710
5.140797
13.233634
12.288881
12.334827
11.290468
11.380411
5.667157
12.318818
6.064900
6.368841
7.421881
6.026843
11.226946
7.036632
13.506100
9.535824
10.780967
12.786266
10.303121
9.712800
10.727853
11.291167
8.053240
9.153990
13.851351
15.086699
10.274814
8.759322
9.634581
4.369932
9.014812
5.937198
10.999027
11.454651
6.695141
10.079777
15.122762
9.571806
7.152700
9.200464
12.865367
6.875347
10.633403
9.871040
11.835163
10.851982
12.511504
14.151322
10.779539
12.212418
16.798601
11.600831
13.882606
14.125946
8.397830
14.287967
11.656164
6.444057
8.373071
12.139840
12.612869
12.161221
3.577838
14.771690
8.555216
11.632771
6.912099
9.374417
8.984205
10.817364
-0.373649
10.174776
4.503621
12.317931
6.007105
10.326268
14.212589
4.198048
8.288484
9.692549
11.265658
16.129444
10.712721
7.820001
11.536189
12.231518
7.673823
9.867930
7.591857
13.095429
10.902844
5.763304
7.705468
7.874985
14.522410
11.746170
7.735013
3.950262
6.673034
9.945291
16.825471
10.523703
9.119486
7.599727
4.853866
11.964468
8.614296
14.003778
11.105218
11.503012
9.873133
7.948343
9.269201
5.937249
7.133489
12.230630
13.584372
6.575563
11.381493
16.191074
8.026992
10.284022
8.769608
10.917113
5.915192
12.860789
10.429958
8.781280
9.980420
6.727853
6.810348
13.856005
13.497845
4.793255
8.060672
4.966009
13.314713
10.662606
9.957132
11.183742
8.441877
10.132962
12.885497
11.466395
8.917066
9.445383
8.394770
7.681793
12.898299
7.713581
8.860750
11.200352
10.844211
9.684728
10.655203
2.464963
11.203164
4.742840
6.735254
8.780104
6.943366
14.249210
15.223683
10.909544
5.953005
9.643986
8.287996
3.921195
4.954825
7.065789
12.671734
10.975190
9.037728
9.494698
13.371551
10.525691
13.248142
10.863068
10.420823
7.549963
6.977791
7.822389
17.427520
10.917209
12.513387
6.346398
4.601146
4.337530
3.958340
7.966549
13.618979
7.333594
9.822450
8.807452
9.251038
10.504627
12.933293
11.178239
6.772256
9.519153
14.525334
6.893351
9.490363
8.460870
11.483426
10.411197
9.094492
12.114156
6.862247
9.517220
14.693236
7.004674
4.248444
8.863052
8.990415
5.128688
8.554906
5.196120
9.716049
4.007054
9.988103
9.609016
8.820414
14.327045
10.896715
13.453610
18.328887
12.469292
9.202975
13.343064
6.388789
11.236014
12.599680
8.748384
18.654062
14.390933
11.200280
3.628012
4.736076
10.457147
14.337910
11.836928
8.018529
11.155015
10.845193
9.315593
14.363230
10.030509
7.041564
8.909764
9.460722
14.180473
6.782894
8.555466
16.211072
8.263037
12.391900
6.287600
9.022296
9.900576
8.246944
8.649367
5.804060
11.925603
7.793195
10.611869
9.375047
8.070015
10.124898
14.156821
10.868787
9.539397
6.024454
6.583318
8.794423
8.296100
15.696043
10.923275
9.836188
4.331919
7.481640
8.325468
11.011648
8.018227
11.450312
3.990816
8.226792
7.799928
9.700141
12.246642
13.385471
7.668340
13.619024
5.980835
6.112876
10.910476
10.888027
6.935040
9.093414
12.731347
14.330517
4.097321
12.960728
8.543059
12.854026
7.781769
11.026791
10.725042
7.718034
8.444333
3.216380
6.435986
10.956483
5.010810
11.638135
4.826752
14.358479
7.375758
13.130446
11.911535
10.892788
13.465415
6.122724
8.547000
12.780644
6.414976
8.350905
7.338930
15.496180
11.493905
16.914080
15.530418
9.944917
10.232357
13.207760
15.280048
5.338054
12.552022
8.427645
11.814233
8.113656
11.076522
7.880371
7.456029
9.556525
15.479127
10.891103
4.455745
8.860117
13.373577
9.587881
11.108192
