ERROR : 2018-05-14 16:01:46 :: Error executing query: (psycopg2.ProgrammingError) syntax error at or near "%"
LINE 1: update tracks_track set state = 0 where id in (%s)
                                                       ^
 [SQL: 'update tracks_track set state = 0 where id in (%%s)'] (Background on this error at: http://sqlalche.me/e/f405)
ERROR : 2018-05-14 16:07:18 :: Error executing query: (psycopg2.ProgrammingError) column "none" does not exist
LINE 1: update tracks_track set state = 0 where id in (None)
                                                       ^
 [SQL: 'update tracks_track set state = 0 where id in (None)'] (Background on this error at: http://sqlalche.me/e/f405)
ERROR : 2018-05-14 16:08:01 :: Error executing query: (psycopg2.ProgrammingError) column "none" does not exist
LINE 1: update tracks_track set state = 0 where id in (None)
                                                       ^
 [SQL: 'update tracks_track set state = 0 where id in (None)'] (Background on this error at: http://sqlalche.me/e/f405)
ERROR : 2018-05-14 16:08:47 :: Error executing query: This result object does not return rows. It has been closed automatically.
ERROR : 2018-05-14 16:09:10 :: Error executing query: This result object does not return rows. It has been closed automatically.
ERROR : 2018-05-16 09:42:57 :: Error executing query: (psycopg2.ProgrammingError) syntax error at or near "="
LINE 1: update  set  = 1 where  in (83,82,81,80,79,78,77,76,75,74)
                     ^
 [SQL: 'update  set  = 1 where  in (83,82,81,80,79,78,77,76,75,74)'] (Background on this error at: http://sqlalche.me/e/f405)
ERROR : 2018-05-16 09:42:58 :: Error executing query: (psycopg2.ProgrammingError) syntax error at or near "="
LINE 1: update  set  = 1 where  in (83,82,81,80,79,78,77,76,75,74)
                     ^
 [SQL: 'update  set  = 1 where  in (83,82,81,80,79,78,77,76,75,74)'] (Background on this error at: http://sqlalche.me/e/f405)
